<?xml version="1.0" encoding="UTF-8"?>
<testsuite name="de.nogaemer.springhomepage.SpringHomepageApplicationTests" tests="1" skipped="0" failures="0" errors="0" timestamp="2024-12-27T12:08:18" hostname="NOAHS-PC" time="0.576">
  <properties/>
  <testcase name="contextLoads()" classname="de.nogaemer.springhomepage.SpringHomepageApplicationTests" time="0.576"/>
  <system-out><![CDATA[13:08:13.685 [Test worker] INFO org.springframework.test.context.support.AnnotationConfigContextLoaderUtils -- Could not detect default configuration classes for test class [de.nogaemer.springhomepage.SpringHomepageApplicationTests]: SpringHomepageApplicationTests does not declare any static, non-private, non-final, nested classes annotated with @Configuration.
13:08:13.765 [Test worker] INFO org.springframework.boot.test.context.SpringBootTestContextBootstrapper -- Found @SpringBootConfiguration de.nogaemer.springhomepage.SpringHomepageApplication for test class de.nogaemer.springhomepage.SpringHomepageApplicationTests

  .   ____          _            __ _ _
 /\\ / ___'_ __ _ _(_)_ __  __ _ \ \ \ \
( ( )\___ | '_ | '_| | '_ \/ _` | \ \ \ \
 \\/  ___)| |_)| | | | | || (_| |  ) ) ) )
  '  |____| .__|_| |_|_| |_\__, | / / / /
 =========|_|==============|___/=/_/_/_/
 :: Spring Boot ::                (v3.2.4)

2024-12-27T13:08:14.026+01:00  WARN 10440 --- [spring-homepage] [    Test worker] ory$DuplicateJsonObjectContextCustomizer : 

Found multiple occurrences of org.json.JSONObject on the class path:

	jar:file:/C:/Users/schwe/.gradle/caches/modules-2/files-2.1/org.json/json/20240303/ebb88e8fb5122b7506d5cf1d69f1ccdb790d22a/json-20240303.jar!/org/json/JSONObject.class
	jar:file:/C:/Users/schwe/.gradle/caches/modules-2/files-2.1/com.vaadin.external.google/android-json/0.0.20131108.vaadin1/fa26d351fe62a6a17f5cda1287c1c6110dec413f/android-json-0.0.20131108.vaadin1.jar!/org/json/JSONObject.class

You may wish to exclude one of them to ensure predictable runtime behavior

2024-12-27T13:08:14.034+01:00  INFO 10440 --- [spring-homepage] [    Test worker] m.p.springdotenv.DotenvPropertySource    : Initializing Dotenv with DotenvConfig{directory=null, filename=null, ignoreIfMalformed=false, ignoreIfMissing=true, systemProperties=false, prefix=null}
2024-12-27T13:08:14.045+01:00  INFO 10440 --- [spring-homepage] [    Test worker] d.n.s.SpringHomepageApplicationTests     : Starting SpringHomepageApplicationTests using Java 21.0.5 with PID 10440 (started by schwe in C:\Users\schwe\IdeaProjects\spring-homepage)
2024-12-27T13:08:14.046+01:00  INFO 10440 --- [spring-homepage] [    Test worker] d.n.s.SpringHomepageApplicationTests     : No active profile set, falling back to 1 default profile: "default"
2024-12-27T13:08:14.954+01:00  INFO 10440 --- [spring-homepage] [    Test worker] .s.d.r.c.RepositoryConfigurationDelegate : Bootstrapping Spring Data MongoDB repositories in DEFAULT mode.
2024-12-27T13:08:15.010+01:00  INFO 10440 --- [spring-homepage] [    Test worker] .s.d.r.c.RepositoryConfigurationDelegate : Finished Spring Data repository scanning in 51 ms. Found 6 MongoDB repository interfaces.
2024-12-27T13:08:15.593+01:00  INFO 10440 --- [spring-homepage] [    Test worker] org.mongodb.driver.client                : MongoClient with metadata {"driver": {"name": "mongo-java-driver|sync|spring-boot", "version": "4.11.1"}, "os": {"type": "Windows", "name": "Windows 11", "architecture": "amd64", "version": "10.0"}, "platform": "Java/Eclipse Adoptium/21.0.5+11-LTS"} created with settings MongoClientSettings{readPreference=primary, writeConcern=WriteConcern{w=null, wTimeout=null ms, journal=null}, retryWrites=true, retryReads=true, readConcern=ReadConcern{level=null}, credential=MongoCredential{mechanism=null, userName='schwenoldnoah', source='admin', password=<hidden>, mechanismProperties=<hidden>}, transportSettings=null, streamFactoryFactory=null, commandListeners=[io.micrometer.core.instrument.binder.mongodb.MongoMetricsCommandListener@47198524], codecRegistry=ProvidersCodecRegistry{codecProviders=[ValueCodecProvider{}, BsonValueCodecProvider{}, DBRefCodecProvider{}, DBObjectCodecProvider{}, DocumentCodecProvider{}, CollectionCodecProvider{}, IterableCodecProvider{}, MapCodecProvider{}, GeoJsonCodecProvider{}, GridFSFileCodecProvider{}, Jsr310CodecProvider{}, JsonObjectCodecProvider{}, BsonCodecProvider{}, EnumCodecProvider{}, com.mongodb.client.model.mql.ExpressionCodecProvider@5432dca2, com.mongodb.Jep395RecordCodecProvider@12670e55, com.mongodb.KotlinCodecProvider@43fd77d8]}, loggerSettings=LoggerSettings{maxDocumentLength=1000}, clusterSettings={hosts=[127.0.0.1:27017], srvHost=cluster0.twwoho2.mongodb.net, srvServiceName=mongodb, mode=MULTIPLE, requiredClusterType=REPLICA_SET, requiredReplicaSetName='atlas-j21w88-shard-0', serverSelector='null', clusterListeners='[]', serverSelectionTimeout='30000 ms', localThreshold='15 ms'}, socketSettings=SocketSettings{connectTimeoutMS=10000, readTimeoutMS=0, receiveBufferSize=0, proxySettings=ProxySettings{host=null, port=null, username=null, password=null}}, heartbeatSocketSettings=SocketSettings{connectTimeoutMS=10000, readTimeoutMS=10000, receiveBufferSize=0, proxySettings=ProxySettings{host=null, port=null, username=null, password=null}}, connectionPoolSettings=ConnectionPoolSettings{maxSize=100, minSize=0, maxWaitTimeMS=120000, maxConnectionLifeTimeMS=0, maxConnectionIdleTimeMS=0, maintenanceInitialDelayMS=0, maintenanceFrequencyMS=60000, connectionPoolListeners=[io.micrometer.core.instrument.binder.mongodb.MongoMetricsConnectionPoolListener@5a8d676e], maxConnecting=2}, serverSettings=ServerSettings{heartbeatFrequencyMS=10000, minHeartbeatFrequencyMS=500, serverListeners='[]', serverMonitorListeners='[]'}, sslSettings=SslSettings{enabled=true, invalidHostNameAllowed=false, context=null}, applicationName='null', compressorList=[], uuidRepresentation=JAVA_LEGACY, serverApi=null, autoEncryptionSettings=null, dnsClient=null, inetAddressResolver=null, contextProvider=null}
2024-12-27T13:08:15.602+01:00  INFO 10440 --- [spring-homepage] [ho2.mongodb.net] org.mongodb.driver.cluster               : Adding discovered server ac-ulbzy5u-shard-00-00.twwoho2.mongodb.net:27017 to client view of cluster
2024-12-27T13:08:15.662+01:00  INFO 10440 --- [spring-homepage] [ho2.mongodb.net] org.mongodb.driver.cluster               : Adding discovered server ac-ulbzy5u-shard-00-01.twwoho2.mongodb.net:27017 to client view of cluster
2024-12-27T13:08:15.665+01:00  INFO 10440 --- [spring-homepage] [ho2.mongodb.net] org.mongodb.driver.cluster               : Adding discovered server ac-ulbzy5u-shard-00-02.twwoho2.mongodb.net:27017 to client view of cluster
2024-12-27T13:08:16.334+01:00  INFO 10440 --- [spring-homepage] [ngodb.net:27017] org.mongodb.driver.cluster               : Monitor thread successfully connected to server with description ServerDescription{address=ac-ulbzy5u-shard-00-01.twwoho2.mongodb.net:27017, type=REPLICA_SET_SECONDARY, state=CONNECTED, ok=true, minWireVersion=0, maxWireVersion=25, maxDocumentSize=16777216, logicalSessionTimeoutMinutes=30, roundTripTimeNanos=398723900, setName='atlas-j21w88-shard-0', canonicalAddress=ac-ulbzy5u-shard-00-01.twwoho2.mongodb.net:27017, hosts=[ac-ulbzy5u-shard-00-00.twwoho2.mongodb.net:27017, ac-ulbzy5u-shard-00-01.twwoho2.mongodb.net:27017, ac-ulbzy5u-shard-00-02.twwoho2.mongodb.net:27017], passives=[], arbiters=[], primary='ac-ulbzy5u-shard-00-02.twwoho2.mongodb.net:27017', tagSet=TagSet{[Tag{name='availabilityZone', value='euc1-az3'}, Tag{name='diskState', value='READY'}, Tag{name='nodeType', value='ELECTABLE'}, Tag{name='provider', value='AWS'}, Tag{name='region', value='EU_CENTRAL_1'}, Tag{name='workloadType', value='OPERATIONAL'}]}, electionId=null, setVersion=237, topologyVersion=TopologyVersion{processId=67646e6c76f10fab456acad3, counter=3}, lastWriteDate=Fri Dec 27 13:08:14 CET 2024, lastUpdateTimeNanos=2771979478000}
2024-12-27T13:08:16.334+01:00  INFO 10440 --- [spring-homepage] [ngodb.net:27017] org.mongodb.driver.cluster               : Monitor thread successfully connected to server with description ServerDescription{address=ac-ulbzy5u-shard-00-00.twwoho2.mongodb.net:27017, type=REPLICA_SET_SECONDARY, state=CONNECTED, ok=true, minWireVersion=0, maxWireVersion=25, maxDocumentSize=16777216, logicalSessionTimeoutMinutes=30, roundTripTimeNanos=398519300, setName='atlas-j21w88-shard-0', canonicalAddress=ac-ulbzy5u-shard-00-00.twwoho2.mongodb.net:27017, hosts=[ac-ulbzy5u-shard-00-00.twwoho2.mongodb.net:27017, ac-ulbzy5u-shard-00-01.twwoho2.mongodb.net:27017, ac-ulbzy5u-shard-00-02.twwoho2.mongodb.net:27017], passives=[], arbiters=[], primary='ac-ulbzy5u-shard-00-02.twwoho2.mongodb.net:27017', tagSet=TagSet{[Tag{name='availabilityZone', value='euc1-az2'}, Tag{name='diskState', value='READY'}, Tag{name='nodeType', value='ELECTABLE'}, Tag{name='provider', value='AWS'}, Tag{name='region', value='EU_CENTRAL_1'}, Tag{name='workloadType', value='OPERATIONAL'}]}, electionId=null, setVersion=237, topologyVersion=TopologyVersion{processId=67646de1ea877709f78c0c9c, counter=4}, lastWriteDate=Fri Dec 27 13:08:14 CET 2024, lastUpdateTimeNanos=2771979478900}
2024-12-27T13:08:16.335+01:00  INFO 10440 --- [spring-homepage] [ngodb.net:27017] org.mongodb.driver.cluster               : Monitor thread successfully connected to server with description ServerDescription{address=ac-ulbzy5u-shard-00-02.twwoho2.mongodb.net:27017, type=REPLICA_SET_PRIMARY, state=CONNECTED, ok=true, minWireVersion=0, maxWireVersion=25, maxDocumentSize=16777216, logicalSessionTimeoutMinutes=30, roundTripTimeNanos=398251900, setName='atlas-j21w88-shard-0', canonicalAddress=ac-ulbzy5u-shard-00-02.twwoho2.mongodb.net:27017, hosts=[ac-ulbzy5u-shard-00-00.twwoho2.mongodb.net:27017, ac-ulbzy5u-shard-00-01.twwoho2.mongodb.net:27017, ac-ulbzy5u-shard-00-02.twwoho2.mongodb.net:27017], passives=[], arbiters=[], primary='ac-ulbzy5u-shard-00-02.twwoho2.mongodb.net:27017', tagSet=TagSet{[Tag{name='availabilityZone', value='euc1-az1'}, Tag{name='diskState', value='READY'}, Tag{name='nodeType', value='ELECTABLE'}, Tag{name='provider', value='AWS'}, Tag{name='region', value='EU_CENTRAL_1'}, Tag{name='workloadType', value='OPERATIONAL'}]}, electionId=7fffffff0000000000000370, setVersion=237, topologyVersion=TopologyVersion{processId=67646e271ae2c90e03d62225, counter=6}, lastWriteDate=Fri Dec 27 13:08:14 CET 2024, lastUpdateTimeNanos=2771979478100}
2024-12-27T13:08:16.343+01:00  INFO 10440 --- [spring-homepage] [ngodb.net:27017] org.mongodb.driver.cluster               : Discovered replica set primary ac-ulbzy5u-shard-00-02.twwoho2.mongodb.net:27017 with max election id 7fffffff0000000000000370 and max set version 237
2024-12-27T13:08:17.776+01:00  INFO 10440 --- [spring-homepage] [    Test worker] o.s.b.a.e.web.EndpointLinksResolver      : Exposing 1 endpoint(s) beneath base path '/actuator'
2024-12-27T13:08:17.839+01:00  INFO 10440 --- [spring-homepage] [    Test worker] o.s.s.web.DefaultSecurityFilterChain     : Will secure any request with [org.springframework.security.web.session.DisableEncodeUrlFilter@61f08aa9, org.springframework.security.web.context.request.async.WebAsyncManagerIntegrationFilter@1a1f22f2, org.springframework.security.web.context.SecurityContextHolderFilter@69f24965, org.springframework.security.web.header.HeaderWriterFilter@125a8ab6, org.springframework.web.filter.CorsFilter@37b5a51c, org.springframework.security.web.authentication.logout.LogoutFilter@7d7f966f, de.nogaemer.springhomepage.security.config.JwtAuthenticationFilter@6e8aea7e, org.springframework.security.web.savedrequest.RequestCacheAwareFilter@5a45c218, org.springframework.security.web.servletapi.SecurityContextHolderAwareRequestFilter@2c6efee3, org.springframework.security.web.authentication.AnonymousAuthenticationFilter@4e782401, org.springframework.security.web.session.SessionManagementFilter@533e8807, org.springframework.security.web.access.ExceptionTranslationFilter@10bcbbce, org.springframework.security.web.access.intercept.AuthorizationFilter@6f5288c5]
2024-12-27T13:08:18.277+01:00  INFO 10440 --- [spring-homepage] [    Test worker] d.n.s.SpringHomepageApplicationTests     : Started SpringHomepageApplicationTests in 4.395 seconds (process running for 5.229)
]]></system-out>
  <system-err><![CDATA[WARNING: A Java agent has been loaded dynamically (C:\Users\schwe\.gradle\caches\modules-2\files-2.1\net.bytebuddy\byte-buddy-agent\1.14.12\be4984cb6fd1ef1d11f218a648889dfda44b8a15\byte-buddy-agent-1.14.12.jar)
WARNING: If a serviceability tool is in use, please run with -XX:+EnableDynamicAgentLoading to hide this warning
WARNING: If a serviceability tool is not in use, please run with -Djdk.instrument.traceUsage for more information
WARNING: Dynamic loading of agents will be disallowed by default in a future release
]]></system-err>
</testsuite>
